<?xml version="1.0" encoding="UTF-8"?>
<!-- Generated by org.testng.reporters.JUnitXMLReporter -->
<testsuite hostname="VUNGUYEN-PC" ignored="0" name="API_Testing" tests="8" failures="0" timestamp="26 Jul 2021 08:07:02 GMT" time="81.438" errors="0">
  <testcase name="CREATE_incident_by_API" time="4.714" classname="tests.SBP.DHL_APITest"/>
  <testcase name="verify_cancel_incident" time="11.711" classname="tests.SBP.DHL_APITest"/>
  <testcase name="verify_cancel_incident_which_not_in_first_state" time="1.084" classname="tests.SBP.DHL_APITest"/>
  <testcase name="verify_create_new_incident" time="10.132" classname="tests.SBP.DHL_APITest"/>
  <testcase name="verify_create_new_incident_allow_overwrite" time="11.777" classname="tests.SBP.DHL_APITest"/>
  <testcase name="verify_create_new_incident_not_allow_overwrite" time="11.293" classname="tests.SBP.DHL_APITest">
    <skipped/>
  </testcase> <!-- verify_create_new_incident_not_allow_overwrite -->
  <testcase name="verify_create_new_incident_not_allow_overwrite" time="14.071" classname="tests.SBP.DHL_APITest"/>
  <testcase name="verify_incorrect_IncidentNbo" time="1.232" classname="tests.SBP.DHL_APITest"/>
</testsuite> <!-- API_Testing -->
